<?xml version="1.0" encoding="UTF-8"?>
<testsuite xmlns:xsi="http://www.w3.org/2001/XMLSchema-instance" xsi:schemaLocation="https://maven.apache.org/surefire/maven-surefire-plugin/xsd/surefire-test-report.xsd" name="TestSuite" time="1.538" tests="15" errors="0" skipped="0" failures="0">
  <properties>
[...]
</properties>
  <testcase name="dashboard" classname="tests.TestNGConcepts" time="0.01"/>
  <testcase name="signIn" classname="tests.TestNGConcepts" time="0.002"/>
  <testcase name="checkTitle" classname="tests.TestNGConcepts" time="0.004"/>
  <testcase name="checkTitle" classname="tests.TestNGConcepts" time="0.001"/>
  <testcase name="checkTitle" classname="tests.TestNGConcepts" time="0.001"/>
  <testcase name="checkTitle" classname="tests.TestNGConcepts" time="0.001"/>
  <testcase name="checkTitle" classname="tests.TestNGConcepts" time="0.001"/>
  <testcase name="checkTitle" classname="tests.TestNGConcepts" time="0.001"/>
  <testcase name="checkTitle" classname="tests.TestNGConcepts" time="0.001"/>
  <testcase name="checkTitle" classname="tests.TestNGConcepts" time="0.001"/>
  <testcase name="checkTitle" classname="tests.TestNGConcepts" time="0.001"/>
  <testcase name="checkTitle" classname="tests.TestNGConcepts" time="0.001"/>
  <testcase name="customerPage" classname="tests.TestNGConcepts" time="0.002"/>
  <testcase name="logout" classname="tests.TestNGConcepts" time="0.001"/>
  <testcase name="homePage" classname="tests.TestNGConcepts" time="0.001"/>
</testsuite>