<?xml version="1.0" encoding="UTF-8"?>
<!-- Generated by org.testng.reporters.JUnitXMLReporter -->
<testsuite hostname="DESKTOP-R1JE51T" ignored="0" name="Parallel Tests" tests="3" failures="0" timestamp="12 Jul 2020 19:51:47 GMT" time="8.255" errors="0">
  <testcase name="internetExpBrowser" time="0.016" classname="tests.ParallelExecution"/>
  <testcase name="chromeBrowser" time="8.227" classname="tests.ParallelExecution"/>
  <testcase name="fireFoxBrowser" time="8.228" classname="tests.ParallelExecution"/>
</testsuite> <!-- Parallel Tests -->
